{"level":"debug","message":"Database: loginproyect - Executing (default): SELECT 1+1 AS result","metadata":{},"timestamp":"2024-02-12T20:24:35-03:00"}
{"level":"debug","message":"Database: loginproyect - Executing (default): SELECT `id`, `userName`, `email`, `password`, `createdAt`, `updatedAt` FROM `Users` AS `User`;","metadata":{},"timestamp":"2024-02-12T20:25:10-03:00"}
{"level":"debug","message":"Database: loginproyect - Executing (default): SELECT `id`, `userName`, `email`, `password`, `createdAt`, `updatedAt` FROM `Users` AS `User` WHERE `User`.`userName` = 'santi456' LIMIT 1;","metadata":{},"timestamp":"2024-02-12T20:25:57-03:00"}
{"level":"debug","message":"Database: loginproyect - Executing (default): INSERT INTO `Users` (`id`,`userName`,`email`,`password`,`createdAt`,`updatedAt`) VALUES (DEFAULT,?,?,?,?,?);","metadata":{},"timestamp":"2024-02-12T20:25:57-03:00"}
{"level":"debug","message":"Database: loginproyect - Executing (default): SELECT `id`, `userName`, `email`, `password`, `createdAt`, `updatedAt` FROM `Users` AS `User` WHERE `User`.`userName` = 'santi456' LIMIT 1;","metadata":{},"timestamp":"2024-02-12T20:26:28-03:00"}
{"level":"debug","message":"Database: loginproyect - Executing (default): SELECT 1+1 AS result","metadata":{},"timestamp":"2024-02-12T20:28:01-03:00"}
{"level":"debug","message":"Database: loginproyect - Executing (default): SELECT `id`, `userName`, `email`, `password`, `createdAt`, `updatedAt` FROM `Users` AS `User` WHERE `User`.`nombreUsuario` = 'SantiLeo' LIMIT 1;","metadata":{},"timestamp":"2024-02-12T20:30:56-03:00"}
{"level":"debug","message":"Database: loginproyect - Executing (default): SELECT `id`, `userName`, `email`, `password`, `createdAt`, `updatedAt` FROM `Users` AS `User`;","metadata":{},"timestamp":"2024-02-12T20:31:07-03:00"}
{"level":"debug","message":"Database: loginproyect - Executing (default): SELECT `id`, `userName`, `email`, `password`, `createdAt`, `updatedAt` FROM `Users` AS `User` WHERE `User`.`nombreUsuario` = 'santi456' LIMIT 1;","metadata":{},"timestamp":"2024-02-12T20:31:26-03:00"}
{"level":"debug","message":"Database: loginproyect - Executing (default): SELECT 1+1 AS result","metadata":{},"timestamp":"2024-02-12T20:38:50-03:00"}
{"level":"debug","message":"Database: loginproyect - Executing (default): SELECT `id`, `userName`, `email`, `password`, `createdAt`, `updatedAt` FROM `Users` AS `User` WHERE `User`.`userName` = 'santi456' LIMIT 1;","metadata":{},"timestamp":"2024-02-12T20:38:58-03:00"}
{"level":"debug","message":"Database: loginproyect - Executing (default): SELECT 1+1 AS result","metadata":{},"timestamp":"2024-02-12T20:42:01-03:00"}
{"level":"debug","message":"Database: loginproyect - Executing (default): SELECT `id`, `userName`, `email`, `password`, `createdAt`, `updatedAt` FROM `Users` AS `User` WHERE `User`.`userName` = 'santi456' LIMIT 1;","metadata":{},"timestamp":"2024-02-12T20:42:06-03:00"}
{"level":"debug","message":"Database: loginproyect - Executing (default): SELECT 1+1 AS result","metadata":{},"timestamp":"2024-02-12T20:49:18-03:00"}
{"level":"debug","message":"Database: loginproyect - Executing (default): SELECT `id`, `userName`, `email`, `password`, `createdAt`, `updatedAt` FROM `Users` AS `User` WHERE `User`.`userName` = 'santi456' LIMIT 1;","metadata":{},"timestamp":"2024-02-12T20:49:21-03:00"}
{"level":"debug","message":"Database: loginproyect - Executing (default): SELECT `id`, `userName`, `email`, `password`, `createdAt`, `updatedAt` FROM `Users` AS `User`;","metadata":{},"timestamp":"2024-02-12T20:49:39-03:00"}
{"level":"debug","message":"Database: loginproyect - Executing (default): SELECT `id`, `userName`, `email`, `password`, `createdAt`, `updatedAt` FROM `Users` AS `User` WHERE `User`.`userName` = 'lia987' LIMIT 1;","metadata":{},"timestamp":"2024-02-12T20:50:11-03:00"}
{"level":"debug","message":"Database: loginproyect - Executing (default): INSERT INTO `Users` (`id`,`userName`,`email`,`password`,`createdAt`,`updatedAt`) VALUES (DEFAULT,?,?,?,?,?);","metadata":{},"timestamp":"2024-02-12T20:50:11-03:00"}
{"level":"debug","message":"Database: loginproyect - Executing (default): SELECT `id`, `userName`, `email`, `password`, `createdAt`, `updatedAt` FROM `Users` AS `User` WHERE `User`.`userName` = 'lia987' LIMIT 1;","metadata":{},"timestamp":"2024-02-12T20:50:29-03:00"}
{"level":"debug","message":"Database: loginproyect - Executing (default): SELECT `id`, `userName`, `email`, `password`, `createdAt`, `updatedAt` FROM `Users` AS `User` WHERE `User`.`userName` = 'lia987' LIMIT 1;","metadata":{},"timestamp":"2024-02-12T20:50:41-03:00"}
{"level":"debug","message":"Database: loginproyect - Executing (default): SELECT `id`, `userName`, `email`, `password`, `createdAt`, `updatedAt` FROM `Users` AS `User` WHERE `User`.`userName` = 'lia987' LIMIT 1;","metadata":{},"timestamp":"2024-02-12T20:51:06-03:00"}
{"level":"debug","message":"Database: loginproyect - Executing (default): SELECT 1+1 AS result","metadata":{},"timestamp":"2024-02-12T20:51:46-03:00"}
{"level":"debug","message":"Database: loginproyect - Executing (default): SELECT `id`, `userName`, `email`, `password`, `createdAt`, `updatedAt` FROM `Users` AS `User` WHERE `User`.`userName` = 'lia987' LIMIT 1;","metadata":{},"timestamp":"2024-02-12T20:51:50-03:00"}
{"level":"debug","message":"Database: loginproyect - Executing (default): SELECT 1+1 AS result","metadata":{},"timestamp":"2024-02-12T20:53:41-03:00"}
{"level":"debug","message":"Database: loginproyect - Executing (default): SELECT `id`, `userName`, `email`, `password`, `createdAt`, `updatedAt` FROM `Users` AS `User` WHERE `User`.`userName` = 'lia987' LIMIT 1;","metadata":{},"timestamp":"2024-02-12T20:53:48-03:00"}
{"level":"debug","message":"Database: loginproyect - Executing (default): SELECT 1+1 AS result","metadata":{},"timestamp":"2024-02-12T20:55:33-03:00"}
{"level":"debug","message":"Database: loginproyect - Executing (default): SELECT `id`, `userName`, `email`, `password`, `createdAt`, `updatedAt` FROM `Users` AS `User` WHERE `User`.`userName` = 'lia987' LIMIT 1;","metadata":{},"timestamp":"2024-02-12T20:55:39-03:00"}
{"level":"debug","message":"Database: loginproyect - Executing (default): SELECT 1+1 AS result","metadata":{},"timestamp":"2024-02-12T20:58:24-03:00"}
{"level":"debug","message":"Database: loginproyect - Executing (default): SELECT `id`, `userName`, `email`, `password`, `createdAt`, `updatedAt` FROM `Users` AS `User` WHERE `User`.`userName` = 'lia987' LIMIT 1;","metadata":{},"timestamp":"2024-02-12T20:58:28-03:00"}
{"level":"debug","message":"Database: loginproyect - Executing (default): SELECT 1+1 AS result","metadata":{},"timestamp":"2024-02-12T21:04:07-03:00"}
{"level":"debug","message":"Database: loginproyect - Executing (default): SELECT `id`, `userName`, `email`, `password`, `createdAt`, `updatedAt` FROM `Users` AS `User` WHERE `User`.`userName` = 'lia987' LIMIT 1;","metadata":{},"timestamp":"2024-02-12T21:06:48-03:00"}
{"level":"debug","message":"Database: loginproyect - Executing (default): INSERT INTO `Users` (`id`,`userName`,`email`,`password`,`createdAt`,`updatedAt`) VALUES (DEFAULT,?,?,?,?,?);","metadata":{},"timestamp":"2024-02-12T21:06:48-03:00"}
{"level":"debug","message":"Database: loginproyect - Executing (default): SELECT `id`, `userName`, `email`, `password`, `createdAt`, `updatedAt` FROM `Users` AS `User`;","metadata":{},"timestamp":"2024-02-12T21:06:56-03:00"}
{"level":"debug","message":"Database: loginproyect - Executing (default): SELECT `id`, `userName`, `email`, `password`, `createdAt`, `updatedAt` FROM `Users` AS `User` WHERE `User`.`userName` = 'lia987' LIMIT 1;","metadata":{},"timestamp":"2024-02-12T21:07:11-03:00"}
{"level":"debug","message":"Database: loginproyect - Executing (default): SELECT `id`, `userName`, `email`, `password`, `createdAt`, `updatedAt` FROM `Users` AS `User` WHERE `User`.`userName` = 'lia987' LIMIT 1;","metadata":{},"timestamp":"2024-02-12T21:07:17-03:00"}
{"level":"debug","message":"Database: loginproyect - Executing (default): SELECT 1+1 AS result","metadata":{},"timestamp":"2024-02-12T21:19:17-03:00"}
