{"level":"debug","message":"Database: loginproyect - Executing (default): SELECT 1+1 AS result","metadata":{},"timestamp":"2024-04-24T17:25:53-03:00"}
{"level":"debug","message":"Database: loginproyect - Executing (default): SELECT `id`, `userName`, `email`, `password`, `rol`, `createdAt`, `updatedAt` FROM `Users` AS `User` WHERE `User`.`userName` = 'sofiBritos' LIMIT 1;","metadata":{},"timestamp":"2024-04-24T18:15:09-03:00"}
{"level":"debug","message":"Database: loginproyect - Executing (default): INSERT INTO `Users` (`id`,`userName`,`email`,`password`,`createdAt`,`updatedAt`) VALUES (DEFAULT,?,?,?,?,?);","metadata":{},"timestamp":"2024-04-24T18:15:10-03:00"}
{"level":"debug","message":"Database: loginproyect - Executing (default): SELECT `id`, `userName`, `email`, `password`, `rol`, `createdAt`, `updatedAt` FROM `Users` AS `User` WHERE `User`.`userName` = 'ailenBritos' LIMIT 1;","metadata":{},"timestamp":"2024-04-24T18:16:42-03:00"}
{"level":"debug","message":"Database: loginproyect - Executing (default): INSERT INTO `Users` (`id`,`userName`,`email`,`password`,`createdAt`,`updatedAt`) VALUES (DEFAULT,?,?,?,?,?);","metadata":{},"timestamp":"2024-04-24T18:16:42-03:00"}
{"level":"debug","message":"Database: loginproyect - Executing (default): SELECT `id`, `userName`, `email`, `password`, `rol`, `createdAt`, `updatedAt` FROM `Users` AS `User` WHERE `User`.`userName` = 'mariano' LIMIT 1;","metadata":{},"timestamp":"2024-04-24T18:20:50-03:00"}
{"level":"debug","message":"Database: loginproyect - Executing (default): INSERT INTO `Users` (`id`,`userName`,`email`,`password`,`createdAt`,`updatedAt`) VALUES (DEFAULT,?,?,?,?,?);","metadata":{},"timestamp":"2024-04-24T18:20:50-03:00"}
{"level":"debug","message":"Database: loginproyect - Executing (default): SELECT `id`, `userName`, `email`, `password`, `rol`, `createdAt`, `updatedAt` FROM `Users` AS `User` WHERE `User`.`userName` = 'mariano' LIMIT 1;","metadata":{},"timestamp":"2024-04-24T18:21:18-03:00"}
{"level":"debug","message":"Database: loginproyect - Executing (default): SELECT `id`, `userName`, `email`, `password`, `rol`, `createdAt`, `updatedAt` FROM `Users` AS `User` WHERE `User`.`userName` = 'mariano' LIMIT 1;","metadata":{},"timestamp":"2024-04-24T18:42:35-03:00"}
{"level":"debug","message":"Database: loginproyect - Executing (default): SELECT 1+1 AS result","metadata":{},"timestamp":"2024-04-24T19:43:58-03:00"}
{"level":"debug","message":"Database: loginproyect - Executing (default): SELECT `id`, `userName`, `email`, `password`, `rol`, `createdAt`, `updatedAt` FROM `Users` AS `User` WHERE `User`.`userName` = 'mariaa' LIMIT 1;","metadata":{},"timestamp":"2024-04-24T19:44:03-03:00"}
{"level":"debug","message":"Database: loginproyect - Executing (default): SELECT `id`, `userName`, `email`, `password`, `rol`, `createdAt`, `updatedAt` FROM `Users` AS `User` WHERE `User`.`userName` = 'mariaa' LIMIT 1;","metadata":{},"timestamp":"2024-04-24T19:49:59-03:00"}
{"level":"debug","message":"Database: loginproyect - Executing (default): SELECT `id`, `userName`, `email`, `password`, `rol`, `createdAt`, `updatedAt` FROM `Users` AS `User` WHERE `User`.`userName` = 'mariia' LIMIT 1;","metadata":{},"timestamp":"2024-04-24T19:52:46-03:00"}
{"level":"debug","message":"Database: loginproyect - Executing (default): SELECT `id`, `userName`, `email`, `password`, `rol`, `createdAt`, `updatedAt` FROM `Users` AS `User` WHERE `User`.`userName` = 'sofiBritos' LIMIT 1;","metadata":{},"timestamp":"2024-04-24T19:57:30-03:00"}
{"level":"debug","message":"Database: loginproyect - Executing (default): SELECT `id`, `userName`, `email`, `password`, `rol`, `createdAt`, `updatedAt` FROM `Users` AS `User` WHERE `User`.`userName` = 'sofiBritos' LIMIT 1;","metadata":{},"timestamp":"2024-04-24T20:15:47-03:00"}
{"level":"debug","message":"Database: loginproyect - Executing (default): SELECT `id`, `userName`, `email`, `password`, `rol`, `createdAt`, `updatedAt` FROM `Users` AS `User` WHERE `User`.`userName` = 'sofiBritos' LIMIT 1;","metadata":{},"timestamp":"2024-04-24T20:18:18-03:00"}
{"level":"debug","message":"Database: loginproyect - Executing (default): SELECT `id`, `userName`, `email`, `password`, `rol`, `createdAt`, `updatedAt` FROM `Users` AS `User` WHERE `User`.`userName` = 'sofiBritos' LIMIT 1;","metadata":{},"timestamp":"2024-04-24T20:21:08-03:00"}
{"level":"debug","message":"Database: loginproyect - Executing (default): SELECT `id`, `userName`, `email`, `password`, `rol`, `createdAt`, `updatedAt` FROM `Users` AS `User` WHERE `User`.`userName` = 'sofiBritos' LIMIT 1;","metadata":{},"timestamp":"2024-04-24T20:22:21-03:00"}
{"level":"debug","message":"Database: loginproyect - Executing (default): SELECT `id`, `userName`, `email`, `password`, `rol`, `createdAt`, `updatedAt` FROM `Users` AS `User` WHERE `User`.`userName` = 'sofiBritos' LIMIT 1;","metadata":{},"timestamp":"2024-04-24T20:23:42-03:00"}
{"level":"debug","message":"Database: loginproyect - Executing (default): SELECT `id`, `userName`, `email`, `password`, `rol`, `createdAt`, `updatedAt` FROM `Users` AS `User` WHERE `User`.`userName` = 'sofiBritos' LIMIT 1;","metadata":{},"timestamp":"2024-04-24T20:25:43-03:00"}
{"level":"debug","message":"Database: loginproyect - Executing (default): SELECT `id`, `userName`, `email`, `password`, `rol`, `createdAt`, `updatedAt` FROM `Users` AS `User` WHERE `User`.`userName` = 'sofiBritos' LIMIT 1;","metadata":{},"timestamp":"2024-04-24T20:27:14-03:00"}
{"level":"debug","message":"Database: loginproyect - Executing (default): SELECT `id`, `userName`, `email`, `password`, `rol`, `createdAt`, `updatedAt` FROM `Users` AS `User` WHERE `User`.`userName` = 'mariaJose' LIMIT 1;","metadata":{},"timestamp":"2024-04-24T20:37:22-03:00"}
{"level":"debug","message":"Database: loginproyect - Executing (default): SELECT `id`, `userName`, `email`, `password`, `rol`, `createdAt`, `updatedAt` FROM `Users` AS `User` WHERE `User`.`userName` = 'mariaJose' LIMIT 1;","metadata":{},"timestamp":"2024-04-24T20:40:04-03:00"}
{"level":"debug","message":"Database: loginproyect - Executing (default): SELECT 1+1 AS result","metadata":{},"timestamp":"2024-04-24T20:40:41-03:00"}
{"level":"debug","message":"Database: loginproyect - Executing (default): SELECT `id`, `userName`, `email`, `password`, `rol`, `createdAt`, `updatedAt` FROM `Users` AS `User` WHERE `User`.`userName` = 'mariaJose' LIMIT 1;","metadata":{},"timestamp":"2024-04-24T20:40:48-03:00"}
{"level":"debug","message":"Database: loginproyect - Executing (default): SELECT `id`, `userName`, `email`, `password`, `rol`, `createdAt`, `updatedAt` FROM `Users` AS `User` WHERE `User`.`userName` = 'MariaJose' LIMIT 1;","metadata":{},"timestamp":"2024-04-24T20:41:17-03:00"}
{"level":"debug","message":"Database: loginproyect - Executing (default): SELECT `id`, `userName`, `email`, `password`, `rol`, `createdAt`, `updatedAt` FROM `Users` AS `User` WHERE `User`.`userName` = 'MariaJose' LIMIT 1;","metadata":{},"timestamp":"2024-04-24T20:41:54-03:00"}
{"level":"debug","message":"Database: loginproyect - Executing (default): SELECT `id`, `userName`, `email`, `password`, `rol`, `createdAt`, `updatedAt` FROM `Users` AS `User` WHERE `User`.`userName` = 'MariaJose' LIMIT 1;","metadata":{},"timestamp":"2024-04-24T20:43:12-03:00"}
{"level":"debug","message":"Database: loginproyect - Executing (default): SELECT `id`, `userName`, `email`, `password`, `rol`, `createdAt`, `updatedAt` FROM `Users` AS `User` WHERE `User`.`userName` = 'MariaJose' LIMIT 1;","metadata":{},"timestamp":"2024-04-24T20:44:23-03:00"}
{"level":"debug","message":"Database: loginproyect - Executing (default): SELECT `id`, `userName`, `email`, `password`, `rol`, `createdAt`, `updatedAt` FROM `Users` AS `User` WHERE `User`.`userName` = 'mariaJose' LIMIT 1;","metadata":{},"timestamp":"2024-04-24T20:45:02-03:00"}
{"level":"debug","message":"Database: loginproyect - Executing (default): SELECT `id`, `userName`, `email`, `password`, `rol`, `createdAt`, `updatedAt` FROM `Users` AS `User` WHERE `User`.`userName` = 'mariaJose' LIMIT 1;","metadata":{},"timestamp":"2024-04-24T20:52:33-03:00"}
{"level":"debug","message":"Database: loginproyect - Executing (default): SELECT `id`, `userName`, `email`, `password`, `rol`, `createdAt`, `updatedAt` FROM `Users` AS `User` WHERE `User`.`userName` = 'mariaJose' LIMIT 1;","metadata":{},"timestamp":"2024-04-24T20:52:59-03:00"}
{"level":"debug","message":"Database: loginproyect - Executing (default): SELECT `id`, `userName`, `email`, `password`, `rol`, `createdAt`, `updatedAt` FROM `Users` AS `User` WHERE `User`.`userName` = 'mariaJose' LIMIT 1;","metadata":{},"timestamp":"2024-04-24T20:54:11-03:00"}
{"level":"debug","message":"Database: loginproyect - Executing (default): SELECT `id`, `userName`, `email`, `password`, `rol`, `createdAt`, `updatedAt` FROM `Users` AS `User` WHERE `User`.`userName` = 'mariamaria' LIMIT 1;","metadata":{},"timestamp":"2024-04-24T20:54:32-03:00"}
{"level":"debug","message":"Database: loginproyect - Executing (default): SELECT `id`, `userName`, `email`, `password`, `rol`, `createdAt`, `updatedAt` FROM `Users` AS `User` WHERE `User`.`userName` = 'mariamaria' LIMIT 1;","metadata":{},"timestamp":"2024-04-24T20:54:58-03:00"}
{"level":"debug","message":"Database: loginproyect - Executing (default): SELECT 1+1 AS result","metadata":{},"timestamp":"2024-04-24T20:55:57-03:00"}
{"level":"debug","message":"Database: loginproyect - Executing (default): SELECT `id`, `userName`, `email`, `password`, `rol`, `createdAt`, `updatedAt` FROM `Users` AS `User` WHERE `User`.`userName` = 'mariamaria' LIMIT 1;","metadata":{},"timestamp":"2024-04-24T20:56:20-03:00"}
{"level":"debug","message":"Database: loginproyect - Executing (default): SELECT `id`, `userName`, `email`, `password`, `rol`, `createdAt`, `updatedAt` FROM `Users` AS `User` WHERE `User`.`userName` = 'sofiBritos' LIMIT 1;","metadata":{},"timestamp":"2024-04-24T20:58:06-03:00"}
{"level":"debug","message":"Database: loginproyect - Executing (default): SELECT `id`, `userName`, `email`, `password`, `rol`, `createdAt`, `updatedAt` FROM `Users` AS `User` WHERE `User`.`userName` = 'sofiBritos' LIMIT 1;","metadata":{},"timestamp":"2024-04-24T20:58:23-03:00"}
{"level":"debug","message":"Database: loginproyect - Executing (default): SELECT `id`, `userName`, `email`, `password`, `rol`, `createdAt`, `updatedAt` FROM `Users` AS `User` WHERE `User`.`userName` = 'mirnada' LIMIT 1;","metadata":{},"timestamp":"2024-04-24T20:58:46-03:00"}
{"level":"debug","message":"Database: loginproyect - Executing (default): SELECT `id`, `userName`, `email`, `password`, `rol`, `createdAt`, `updatedAt` FROM `Users` AS `User` WHERE `User`.`userName` = 'sofiBritos' LIMIT 1;","metadata":{},"timestamp":"2024-04-24T20:59:09-03:00"}
